modules/noto-subject-cutout/android/build/intermediates/manifest_merge_blame_file/debug/processDebugManifest/manifest-merger-blame-debug-report.txt
1<?xml version="1.0" encoding="utf-8"?>
2<manifest xmlns:android="http://schemas.android.com/apk/res/android"
3    package="expo.modules.notosubjectcutout" >
4
5    <uses-sdk android:minSdkVersion="24" />
6
7    <application>
7-->src/main/AndroidManifest.xml:2:3-6:17
8        <meta-data
8-->src/main/AndroidManifest.xml:3:5-5:41
9            android:name="com.google.mlkit.vision.DEPENDENCIES"
9-->src/main/AndroidManifest.xml:4:7-58
10            android:value="subject_segment" />
10-->src/main/AndroidManifest.xml:5:7-38
11    </application>
12
13</manifest>